<?xml version="1.0" encoding="UTF-8"?>
<!-- Generated by org.testng.reporters.JUnitReportReporter -->
<testsuite hostname="Masud" failures="0" tests="1" name="com.shay.tests.LoginTest" time="6.917" errors="0" timestamp="19 Nov 2023 18:41:22 GMT" skipped="0">
  <testcase classname="com.shay.tests.LoginTest" name="Signin" time="6.917"/>
</testsuite> <!-- com.shay.tests.LoginTest -->
