<?xml version="1.0" encoding="UTF-8"?>
<!-- Generated by org.testng.reporters.JUnitReportReporter -->
<testsuite hostname="Masud" failures="0" tests="1" name="com.shay.tests.HomePageTest" time="2.252" errors="0" timestamp="17 Nov 2023 14:57:37 GMT" skipped="0">
  <testcase classname="com.shay.tests.HomePageTest" name="loginTest" time="2.252"/>
</testsuite> <!-- com.shay.tests.HomePageTest -->
