<?xml version="1.0" encoding="UTF-8"?>
<!-- Generated by org.testng.reporters.JUnitReportReporter -->
<testsuite hostname="Masud" failures="0" tests="1" name="com.shay.tests.AddToCartTest" time="3.473" errors="0" timestamp="19 Nov 2023 18:41:22 GMT" skipped="0">
  <testcase classname="com.shay.tests.AddToCartTest" name="addToCartTest" time="3.473"/>
</testsuite> <!-- com.shay.tests.AddToCartTest -->
