<?xml version="1.0" encoding="UTF-8"?>
<!-- Generated by org.testng.reporters.JUnitReportReporter -->
<testsuite hostname="Masud" failures="0" tests="1" name="com.shay.tests.LoginTest" time="50.653" errors="0" timestamp="10 Nov 2023 18:34:37 GMT" skipped="0">
  <testcase classname="com.shay.tests.LoginTest" name="Signin" time="50.653"/>
</testsuite> <!-- com.shay.tests.LoginTest -->
