<?xml version="1.0" encoding="UTF-8"?>
<!-- Generated by org.testng.reporters.JUnitReportReporter -->
<testsuite hostname="Masud" failures="0" tests="1" name="com.shay.tests.HomePageTest" time="44.073" errors="0" timestamp="10 Nov 2023 18:34:37 GMT" skipped="0">
  <testcase classname="com.shay.tests.HomePageTest" name="loginTest" time="44.073"/>
</testsuite> <!-- com.shay.tests.HomePageTest -->
