<?xml version="1.0" encoding="UTF-8"?>
<!-- Generated by org.testng.reporters.JUnitReportReporter -->
<testsuite hostname="Masud" failures="0" tests="1" name="com.shay.tests.HomePageTest" time="0.017" errors="0" timestamp="10 Nov 2023 09:52:23 GMT" skipped="0">
  <testcase classname="com.shay.tests.HomePageTest" name="loginTest" time="0.017"/>
</testsuite> <!-- com.shay.tests.HomePageTest -->
