<?xml version="1.0" encoding="UTF-8"?>
<!-- Generated by org.testng.reporters.JUnitReportReporter -->
<testsuite hostname="Masud" failures="0" tests="1" name="com.shay.tests.LoginTest" time="5.177" errors="0" timestamp="17 Nov 2023 14:57:37 GMT" skipped="0">
  <testcase classname="com.shay.tests.LoginTest" name="Signin" time="5.177"/>
</testsuite> <!-- com.shay.tests.LoginTest -->
